{
  "uid" : "d977bb4d251da663",
  "name" : "testContactDeletionAllWithoutSelection",
  "title" : "Test contact deletion all without selection",
  "time" : {
    "start" : 1507562532148,
    "stop" : 1507562533044,
    "duration" : 896
  },
  "summary" : {
    "attachments" : 0,
    "steps" : 0
  },
  "failure" : {
    "message" : "AssertionError: expected [0] but found [3]",
    "stackTrace" : "java.lang.AssertionError: expected [0] but found [3]\n\tat org.testng.Assert.fail(Assert.java:93)\n\tat org.testng.Assert.failNotEquals(Assert.java:512)\n\tat org.testng.Assert.assertEqualsImpl(Assert.java:134)\n\tat org.testng.Assert.assertEquals(Assert.java:115)\n\tat org.testng.Assert.assertEquals(Assert.java:388)\n\tat org.testng.Assert.assertEquals(Assert.java:398)\n\tat ru.anatoli.addressbook.tests.ContactAllDeletionTests.testContactDeletionAllWithoutSelection(ContactAllDeletionTests.java:81)\n\tat sun.reflect.NativeMethodAccessorImpl.invoke0(Native Method)\n\tat sun.reflect.NativeMethodAccessorImpl.invoke(NativeMethodAccessorImpl.java:62)\n\tat sun.reflect.DelegatingMethodAccessorImpl.invoke(DelegatingMethodAccessorImpl.java:43)\n\tat java.lang.reflect.Method.invoke(Method.java:498)\n\tat org.testng.internal.MethodInvocationHelper.invokeMethod(MethodInvocationHelper.java:108)\n\tat org.testng.internal.Invoker.invokeMethod(Invoker.java:661)\n\tat org.testng.internal.Invoker.invokeTestMethod(Invoker.java:869)\n\tat org.testng.internal.Invoker.invokeTestMethods(Invoker.java:1193)\n\tat org.testng.internal.TestMethodWorker.invokeTestMethods(TestMethodWorker.java:126)\n\tat org.testng.internal.TestMethodWorker.run(TestMethodWorker.java:109)\n\tat org.testng.TestRunner.privateRun(TestRunner.java:744)\n\tat org.testng.TestRunner.run(TestRunner.java:602)\n\tat org.testng.SuiteRunner.runTest(SuiteRunner.java:380)\n\tat org.testng.SuiteRunner.runSequentially(SuiteRunner.java:375)\n\tat org.testng.SuiteRunner.privateRun(SuiteRunner.java:340)\n\tat org.testng.SuiteRunner.run(SuiteRunner.java:289)\n\tat org.testng.SuiteRunnerWorker.runSuite(SuiteRunnerWorker.java:52)\n\tat org.testng.SuiteRunnerWorker.run(SuiteRunnerWorker.java:86)\n\tat org.testng.TestNG.runSuitesSequentially(TestNG.java:1301)\n\tat org.testng.TestNG.runSuitesLocally(TestNG.java:1226)\n\tat org.testng.TestNG.runSuites(TestNG.java:1144)\n\tat org.testng.TestNG.run(TestNG.java:1115)\n\tat org.gradle.api.internal.tasks.testing.testng.TestNGTestClassProcessor.runTests(TestNGTestClassProcessor.java:129)\n\tat org.gradle.api.internal.tasks.testing.testng.TestNGTestClassProcessor.stop(TestNGTestClassProcessor.java:88)\n\tat org.gradle.api.internal.tasks.testing.SuiteTestClassProcessor.stop(SuiteTestClassProcessor.java:61)\n\tat sun.reflect.NativeMethodAccessorImpl.invoke0(Native Method)\n\tat sun.reflect.NativeMethodAccessorImpl.invoke(NativeMethodAccessorImpl.java:62)\n\tat sun.reflect.DelegatingMethodAccessorImpl.invoke(DelegatingMethodAccessorImpl.java:43)\n\tat java.lang.reflect.Method.invoke(Method.java:498)\n\tat org.gradle.internal.dispatch.ReflectionDispatch.dispatch(ReflectionDispatch.java:35)\n\tat org.gradle.internal.dispatch.ReflectionDispatch.dispatch(ReflectionDispatch.java:24)\n\tat org.gradle.internal.dispatch.ContextClassLoaderDispatch.dispatch(ContextClassLoaderDispatch.java:32)\n\tat org.gradle.internal.dispatch.ProxyDispatchAdapter$DispatchingInvocationHandler.invoke(ProxyDispatchAdapter.java:93)\n\tat com.sun.proxy.$Proxy3.stop(Unknown Source)\n\tat org.gradle.api.internal.tasks.testing.worker.TestWorker.stop(TestWorker.java:120)\n\tat sun.reflect.NativeMethodAccessorImpl.invoke0(Native Method)\n\tat sun.reflect.NativeMethodAccessorImpl.invoke(NativeMethodAccessorImpl.java:62)\n\tat sun.reflect.DelegatingMethodAccessorImpl.invoke(DelegatingMethodAccessorImpl.java:43)\n\tat java.lang.reflect.Method.invoke(Method.java:498)\n\tat org.gradle.internal.dispatch.ReflectionDispatch.dispatch(ReflectionDispatch.java:35)\n\tat org.gradle.internal.dispatch.ReflectionDispatch.dispatch(ReflectionDispatch.java:24)\n\tat org.gradle.internal.remote.internal.hub.MessageHubBackedObjectConnection$DispatchWrapper.dispatch(MessageHubBackedObjectConnection.java:147)\n\tat org.gradle.internal.remote.internal.hub.MessageHubBackedObjectConnection$DispatchWrapper.dispatch(MessageHubBackedObjectConnection.java:129)\n\tat org.gradle.internal.remote.internal.hub.MessageHub$Handler.run(MessageHub.java:404)\n\tat org.gradle.internal.concurrent.ExecutorPolicy$CatchAndRecordFailures.onExecute(ExecutorPolicy.java:63)\n\tat org.gradle.internal.concurrent.StoppableExecutorImpl$1.run(StoppableExecutorImpl.java:46)\n\tat java.util.concurrent.ThreadPoolExecutor.runWorker(ThreadPoolExecutor.java:1149)\n\tat java.util.concurrent.ThreadPoolExecutor$Worker.run(ThreadPoolExecutor.java:624)\n\tat java.lang.Thread.run(Thread.java:748)\n"
  },
  "description" : null,
  "severity" : "NORMAL",
  "status" : "FAILED",
  "suite" : {
    "uid" : "f46d4c3242a4727b",
    "name" : "Suite2",
    "title" : "Suite 2"
  },
  "steps" : [ ],
  "attachments" : [ ],
  "issues" : [ ],
  "testIds" : [ ],
  "labels" : [ {
    "name" : "suite-name",
    "value" : "Suite2"
  }, {
    "name" : "suite-title",
    "value" : null
  } ],
  "parameters" : [ ]
}